<?xml version="1.0" encoding="UTF-8"?>
<testng-results skipped="0" failed="0" ignored="0" total="3" passed="3">
  <reporter-output>
  </reporter-output>
  <suite name="FB Test Suite" duration-ms="40284" started-at="2021-05-09T18:43:05Z" finished-at="2021-05-09T18:43:45Z">
    <groups>
    </groups>
    <test name="FB Title Testing" duration-ms="40284" started-at="2021-05-09T18:43:05Z" finished-at="2021-05-09T18:43:45Z">
      <class name="com.r.FBtest">
        <test-method status="PASS" signature="setup()[pri:0, instance:com.r.FBtest@51565ec2]" name="setup" is-config="true" duration-ms="15830" started-at="2021-05-09T11:43:05Z" finished-at="2021-05-09T11:43:21Z">
          <reporter-output>
          </reporter-output>
        </test-method> <!-- setup -->
        <test-method status="PASS" signature="fbtitletest1()[pri:0, instance:com.r.FBtest@51565ec2]" name="fbtitletest1" duration-ms="45" started-at="2021-05-09T11:43:21Z" finished-at="2021-05-09T11:43:21Z">
          <reporter-output>
          </reporter-output>
        </test-method> <!-- fbtitletest1 -->
        <test-method status="PASS" signature="teardown()[pri:0, instance:com.r.FBtest@51565ec2]" name="teardown" is-config="true" duration-ms="1487" started-at="2021-05-09T11:43:21Z" finished-at="2021-05-09T11:43:22Z">
          <reporter-output>
          </reporter-output>
        </test-method> <!-- teardown -->
        <test-method status="PASS" signature="setup()[pri:0, instance:com.r.FBtest@51565ec2]" name="setup" is-config="true" duration-ms="9663" started-at="2021-05-09T11:43:22Z" finished-at="2021-05-09T11:43:32Z">
          <reporter-output>
          </reporter-output>
        </test-method> <!-- setup -->
        <test-method status="PASS" signature="fbtitletest2()[pri:0, instance:com.r.FBtest@51565ec2]" name="fbtitletest2" duration-ms="20" started-at="2021-05-09T11:43:32Z" finished-at="2021-05-09T11:43:32Z">
          <reporter-output>
          </reporter-output>
        </test-method> <!-- fbtitletest2 -->
        <test-method status="PASS" signature="teardown()[pri:0, instance:com.r.FBtest@51565ec2]" name="teardown" is-config="true" duration-ms="1668" started-at="2021-05-09T11:43:32Z" finished-at="2021-05-09T11:43:33Z">
          <reporter-output>
          </reporter-output>
        </test-method> <!-- teardown -->
        <test-method status="PASS" signature="setup()[pri:0, instance:com.r.FBtest@51565ec2]" name="setup" is-config="true" duration-ms="9710" started-at="2021-05-09T11:43:33Z" finished-at="2021-05-09T11:43:43Z">
          <reporter-output>
          </reporter-output>
        </test-method> <!-- setup -->
        <test-method status="PASS" signature="fbtitletest3()[pri:0, instance:com.r.FBtest@51565ec2]" name="fbtitletest3" duration-ms="19" started-at="2021-05-09T11:43:43Z" finished-at="2021-05-09T11:43:43Z">
          <reporter-output>
          </reporter-output>
        </test-method> <!-- fbtitletest3 -->
        <test-method status="PASS" signature="teardown()[pri:0, instance:com.r.FBtest@51565ec2]" name="teardown" is-config="true" duration-ms="1781" started-at="2021-05-09T11:43:43Z" finished-at="2021-05-09T11:43:45Z">
          <reporter-output>
          </reporter-output>
        </test-method> <!-- teardown -->
      </class> <!-- com.r.FBtest -->
    </test> <!-- FB Title Testing -->
  </suite> <!-- FB Test Suite -->
</testng-results>
