<?xml version="1.0" encoding="UTF-8"?>
<!-- Generated by org.testng.reporters.JUnitXMLReporter -->
<testsuite hostname="LAPTOP-C0RLUOLP" ignored="0" name="FB Title Testing" tests="3" failures="0" timestamp="09 May 2021 18:43:45 GMT" time="40.284" errors="0">
  <testcase name="fbtitletest1" time="0.045" classname="com.r.FBtest"/>
  <testcase name="fbtitletest2" time="0.02" classname="com.r.FBtest"/>
  <testcase name="fbtitletest3" time="0.019" classname="com.r.FBtest"/>
</testsuite> <!-- FB Title Testing -->
